<?xml version="1.0" encoding="UTF-8"?>
<!-- Generated by org.testng.reporters.JUnitXMLReporter -->
<testsuite ignored="0" hostname="DESKTOP-U8N41C8" failures="0" tests="6" name="Default test" time="9.158" errors="0" timestamp="2023-01-16T21:00:56 IST">
  <testcase classname="gra.Tests.GraTestWithFaker" name="CreateRepoAPITest" time="5.383"/>
  <testcase classname="gra.Tests.GraTestWithFaker" name="GetRepoAPITest" time="0.714"/>
  <testcase classname="gra.Tests.GraTestWithFaker" name="UpdateRepoAPITest" time="0.901"/>
  <testcase classname="gra.Tests.GraTestWithFaker" name="DeleteRepoNoAdminAPITest" time="0.492"/>
  <testcase classname="gra.Tests.GraTestWithFaker" name="DeleteRepoWithAdminAPITest" time="0.772"/>
  <testcase classname="gra.Tests.GraTestWithFaker" name="GetRepoAPITestAfterDelete" time="0.43"/>
</testsuite> <!-- Default test -->
