<?xml version="1.0" encoding="UTF-8"?>
<!-- Generated by org.testng.reporters.JUnitXMLReporter -->
<testsuite ignored="0" hostname="DESKTOP-U8N41C8" failures="0" tests="6" name="GItHubRestAPITestOnRepoOperations" time="9.497" errors="0" timestamp="2023-01-16T21:08:01 IST">
  <testcase classname="gra.Tests.GraTestWithFaker" name="CreateRepoAPITest" time="5.577"/>
  <testcase classname="gra.Tests.GraTestWithFaker" name="GetRepoAPITest" time="0.565"/>
  <testcase classname="gra.Tests.GraTestWithFaker" name="UpdateRepoAPITest" time="0.845"/>
  <testcase classname="gra.Tests.GraTestWithFaker" name="DeleteRepoNoAdminAPITest" time="0.422"/>
  <testcase classname="gra.Tests.GraTestWithFaker" name="DeleteRepoWithAdminAPITest" time="0.671"/>
  <testcase classname="gra.Tests.GraTestWithFaker" name="GetRepoAPITestAfterDelete" time="0.419"/>
</testsuite> <!-- GItHubRestAPITestOnRepoOperations -->
