<?xml version="1.0" encoding="UTF-8"?>
<!-- Generated by org.testng.reporters.JUnitXMLReporter -->
<testsuite ignored="0" hostname="DESKTOP-U8N41C8" failures="0" tests="6" name="GItHubRestAPITestOnRepoOperations" time="14.206" errors="0" timestamp="2023-01-17T18:33:39 IST">
  <testcase classname="gra.Tests.GraTestWithFaker" name="CreateRepoAPITest" time="9.636"/>
  <testcase classname="gra.Tests.GraTestWithFaker" name="GetRepoAPITest" time="0.624"/>
  <testcase classname="gra.Tests.GraTestWithFaker" name="UpdateRepoAPITest" time="0.929"/>
  <testcase classname="gra.Tests.GraTestWithFaker" name="DeleteRepoNoAdminAPITest" time="0.462"/>
  <testcase classname="gra.Tests.GraTestWithFaker" name="DeleteRepoWithAdminAPITest" time="0.744"/>
  <testcase classname="gra.Tests.GraTestWithFaker" name="GetRepoAPITestAfterDelete" time="0.468"/>
</testsuite> <!-- GItHubRestAPITestOnRepoOperations -->
