<?xml version="1.0" encoding="UTF-8"?>
<!-- Generated by org.testng.reporters.JUnitXMLReporter -->
<testsuite ignored="0" hostname="DESKTOP-U8N41C8" failures="0" tests="6" name="GItHubRestAPITestOnRepoOperations" time="19.354" errors="0" timestamp="2023-01-17T16:25:26 IST">
  <testcase classname="gra.Tests.GraTestWithFaker" name="CreateRepoAPITest" time="13.664"/>
  <testcase classname="gra.Tests.GraTestWithFaker" name="GetRepoAPITest" time="0.7"/>
  <testcase classname="gra.Tests.GraTestWithFaker" name="UpdateRepoAPITest" time="1.068"/>
  <testcase classname="gra.Tests.GraTestWithFaker" name="DeleteRepoNoAdminAPITest" time="0.766"/>
  <testcase classname="gra.Tests.GraTestWithFaker" name="DeleteRepoWithAdminAPITest" time="1.024"/>
  <testcase classname="gra.Tests.GraTestWithFaker" name="GetRepoAPITestAfterDelete" time="0.497"/>
</testsuite> <!-- GItHubRestAPITestOnRepoOperations -->
