<?xml version="1.0" encoding="UTF-8"?>
<testsuite xmlns:xsi="http://www.w3.org/2001/XMLSchema-instance" xsi:noNamespaceSchemaLocation="https://maven.apache.org/surefire/maven-surefire-plugin/xsd/surefire-test-report-3.0.xsd" version="3.0" name="TestSuite" time="18.024" tests="6" errors="0" skipped="0" failures="0">
  <properties>
[...]
</properties>
  <testcase name="CreateRepoAPITest" classname="gra.Tests.GraTestWithFaker" time="9.678">
    <system-out><![CDATA[{
    "id": 590006717,
    "node_id": "R_kgDOIyrJvQ",
    "name": "Valorie",
    "full_name": "GitRudra7/Valorie",
    "private": false,
    "owner": {
        "login": "GitRudra7",
        "id": 116152202,
        "node_id": "U_kgDOBuxXig",
        "avatar_url": "https://avatars.githubusercontent.com/u/116152202?v=4",
        "gravatar_id": "",
        "url": "https://api.github.com/users/GitRudra7",
        "html_url": "https://github.com/GitRudra7",
        "followers_url": "https://api.github.com/users/GitRudra7/followers",
        "following_url": "https://api.github.com/users/GitRudra7/following{/other_user}",
        "gists_url": "https://api.github.com/users/GitRudra7/gists{/gist_id}",
        "starred_url": "https://api.github.com/users/GitRudra7/starred{/owner}{/repo}",
        "subscriptions_url": "https://api.github.com/users/GitRudra7/subscriptions",
        "organizations_url": "https://api.github.com/users/GitRudra7/orgs",
        "repos_url": "https://api.github.com/users/GitRudra7/repos",
        "events_url": "https://api.github.com/users/GitRudra7/events{/privacy}",
        "received_events_url": "https://api.github.com/users/GitRudra7/received_events",
        "type": "User",
        "site_admin": false
    },
    "html_url": "https://github.com/GitRudra7/Valorie",
    "description": "Repo isValorie",
    "fork": false,
    "url": "https://api.github.com/repos/GitRudra7/Valorie",
    "forks_url": "https://api.github.com/repos/GitRudra7/Valorie/forks",
    "keys_url": "https://api.github.com/repos/GitRudra7/Valorie/keys{/key_id}",
    "collaborators_url": "https://api.github.com/repos/GitRudra7/Valorie/collaborators{/collaborator}",
    "teams_url": "https://api.github.com/repos/GitRudra7/Valorie/teams",
    "hooks_url": "https://api.github.com/repos/GitRudra7/Valorie/hooks",
    "issue_events_url": "https://api.github.com/repos/GitRudra7/Valorie/issues/events{/number}",
    "events_url": "https://api.github.com/repos/GitRudra7/Valorie/events",
    "assignees_url": "https://api.github.com/repos/GitRudra7/Valorie/assignees{/user}",
    "branches_url": "https://api.github.com/repos/GitRudra7/Valorie/branches{/branch}",
    "tags_url": "https://api.github.com/repos/GitRudra7/Valorie/tags",
    "blobs_url": "https://api.github.com/repos/GitRudra7/Valorie/git/blobs{/sha}",
    "git_tags_url": "https://api.github.com/repos/GitRudra7/Valorie/git/tags{/sha}",
    "git_refs_url": "https://api.github.com/repos/GitRudra7/Valorie/git/refs{/sha}",
    "trees_url": "https://api.github.com/repos/GitRudra7/Valorie/git/trees{/sha}",
    "statuses_url": "https://api.github.com/repos/GitRudra7/Valorie/statuses/{sha}",
    "languages_url": "https://api.github.com/repos/GitRudra7/Valorie/languages",
    "stargazers_url": "https://api.github.com/repos/GitRudra7/Valorie/stargazers",
    "contributors_url": "https://api.github.com/repos/GitRudra7/Valorie/contributors",
    "subscribers_url": "https://api.github.com/repos/GitRudra7/Valorie/subscribers",
    "subscription_url": "https://api.github.com/repos/GitRudra7/Valorie/subscription",
    "commits_url": "https://api.github.com/repos/GitRudra7/Valorie/commits{/sha}",
    "git_commits_url": "https://api.github.com/repos/GitRudra7/Valorie/git/commits{/sha}",
    "comments_url": "https://api.github.com/repos/GitRudra7/Valorie/comments{/number}",
    "issue_comment_url": "https://api.github.com/repos/GitRudra7/Valorie/issues/comments{/number}",
    "contents_url": "https://api.github.com/repos/GitRudra7/Valorie/contents/{+path}",
    "compare_url": "https://api.github.com/repos/GitRudra7/Valorie/compare/{base}...{head}",
    "merges_url": "https://api.github.com/repos/GitRudra7/Valorie/merges",
    "archive_url": "https://api.github.com/repos/GitRudra7/Valorie/{archive_format}{/ref}",
    "downloads_url": "https://api.github.com/repos/GitRudra7/Valorie/downloads",
    "issues_url": "https://api.github.com/repos/GitRudra7/Valorie/issues{/number}",
    "pulls_url": "https://api.github.com/repos/GitRudra7/Valorie/pulls{/number}",
    "milestones_url": "https://api.github.com/repos/GitRudra7/Valorie/milestones{/number}",
    "notifications_url": "https://api.github.com/repos/GitRudra7/Valorie/notifications{?since,all,participating}",
    "labels_url": "https://api.github.com/repos/GitRudra7/Valorie/labels{/name}",
    "releases_url": "https://api.github.com/repos/GitRudra7/Valorie/releases{/id}",
    "deployments_url": "https://api.github.com/repos/GitRudra7/Valorie/deployments",
    "created_at": "2023-01-17T13:03:31Z",
    "updated_at": "2023-01-17T13:03:31Z",
    "pushed_at": "2023-01-17T13:03:32Z",
    "git_url": "git://github.com/GitRudra7/Valorie.git",
    "ssh_url": "git@github.com:GitRudra7/Valorie.git",
    "clone_url": "https://github.com/GitRudra7/Valorie.git",
    "svn_url": "https://github.com/GitRudra7/Valorie",
    "homepage": "https://github.com",
    "size": 0,
    "stargazers_count": 0,
    "watchers_count": 0,
    "language": null,
    "has_issues": false,
    "has_projects": true,
    "has_downloads": true,
    "has_wiki": false,
    "has_pages": false,
    "has_discussions": false,
    "forks_count": 0,
    "mirror_url": null,
    "archived": false,
    "disabled": false,
    "open_issues_count": 0,
    "license": null,
    "allow_forking": true,
    "is_template": true,
    "web_commit_signoff_required": false,
    "topics": [
        
    ],
    "visibility": "public",
    "forks": 0,
    "open_issues": 0,
    "watchers": 0,
    "default_branch": "main",
    "permissions": {
        "admin": true,
        "maintain": true,
        "push": true,
        "triage": true,
        "pull": true
    },
    "allow_squash_merge": true,
    "allow_merge_commit": true,
    "allow_rebase_merge": true,
    "allow_auto_merge": false,
    "delete_branch_on_merge": false,
    "allow_update_branch": false,
    "use_squash_pr_title_as_default": false,
    "squash_merge_commit_message": "COMMIT_MESSAGES",
    "squash_merge_commit_title": "COMMIT_OR_PR_TITLE",
    "merge_commit_message": "PR_TITLE",
    "merge_commit_title": "MERGE_MESSAGE",
    "network_count": 0,
    "subscribers_count": 1
}
]]></system-out>
    <system-err><![CDATA[SLF4J: Failed to load class "org.slf4j.impl.StaticLoggerBinder".
SLF4J: Defaulting to no-operation (NOP) logger implementation
SLF4J: See http://www.slf4j.org/codes.html#StaticLoggerBinder for further details.
]]></system-err>
  </testcase>
  <testcase name="GetRepoAPITest" classname="gra.Tests.GraTestWithFaker" time="0.612">
    <system-out><![CDATA[{
    "id": 590006717,
    "node_id": "R_kgDOIyrJvQ",
    "name": "Valorie",
    "full_name": "GitRudra7/Valorie",
    "private": false,
    "owner": {
        "login": "GitRudra7",
        "id": 116152202,
        "node_id": "U_kgDOBuxXig",
        "avatar_url": "https://avatars.githubusercontent.com/u/116152202?v=4",
        "gravatar_id": "",
        "url": "https://api.github.com/users/GitRudra7",
        "html_url": "https://github.com/GitRudra7",
        "followers_url": "https://api.github.com/users/GitRudra7/followers",
        "following_url": "https://api.github.com/users/GitRudra7/following{/other_user}",
        "gists_url": "https://api.github.com/users/GitRudra7/gists{/gist_id}",
        "starred_url": "https://api.github.com/users/GitRudra7/starred{/owner}{/repo}",
        "subscriptions_url": "https://api.github.com/users/GitRudra7/subscriptions",
        "organizations_url": "https://api.github.com/users/GitRudra7/orgs",
        "repos_url": "https://api.github.com/users/GitRudra7/repos",
        "events_url": "https://api.github.com/users/GitRudra7/events{/privacy}",
        "received_events_url": "https://api.github.com/users/GitRudra7/received_events",
        "type": "User",
        "site_admin": false
    },
    "html_url": "https://github.com/GitRudra7/Valorie",
    "description": "Repo isValorie",
    "fork": false,
    "url": "https://api.github.com/repos/GitRudra7/Valorie",
    "forks_url": "https://api.github.com/repos/GitRudra7/Valorie/forks",
    "keys_url": "https://api.github.com/repos/GitRudra7/Valorie/keys{/key_id}",
    "collaborators_url": "https://api.github.com/repos/GitRudra7/Valorie/collaborators{/collaborator}",
    "teams_url": "https://api.github.com/repos/GitRudra7/Valorie/teams",
    "hooks_url": "https://api.github.com/repos/GitRudra7/Valorie/hooks",
    "issue_events_url": "https://api.github.com/repos/GitRudra7/Valorie/issues/events{/number}",
    "events_url": "https://api.github.com/repos/GitRudra7/Valorie/events",
    "assignees_url": "https://api.github.com/repos/GitRudra7/Valorie/assignees{/user}",
    "branches_url": "https://api.github.com/repos/GitRudra7/Valorie/branches{/branch}",
    "tags_url": "https://api.github.com/repos/GitRudra7/Valorie/tags",
    "blobs_url": "https://api.github.com/repos/GitRudra7/Valorie/git/blobs{/sha}",
    "git_tags_url": "https://api.github.com/repos/GitRudra7/Valorie/git/tags{/sha}",
    "git_refs_url": "https://api.github.com/repos/GitRudra7/Valorie/git/refs{/sha}",
    "trees_url": "https://api.github.com/repos/GitRudra7/Valorie/git/trees{/sha}",
    "statuses_url": "https://api.github.com/repos/GitRudra7/Valorie/statuses/{sha}",
    "languages_url": "https://api.github.com/repos/GitRudra7/Valorie/languages",
    "stargazers_url": "https://api.github.com/repos/GitRudra7/Valorie/stargazers",
    "contributors_url": "https://api.github.com/repos/GitRudra7/Valorie/contributors",
    "subscribers_url": "https://api.github.com/repos/GitRudra7/Valorie/subscribers",
    "subscription_url": "https://api.github.com/repos/GitRudra7/Valorie/subscription",
    "commits_url": "https://api.github.com/repos/GitRudra7/Valorie/commits{/sha}",
    "git_commits_url": "https://api.github.com/repos/GitRudra7/Valorie/git/commits{/sha}",
    "comments_url": "https://api.github.com/repos/GitRudra7/Valorie/comments{/number}",
    "issue_comment_url": "https://api.github.com/repos/GitRudra7/Valorie/issues/comments{/number}",
    "contents_url": "https://api.github.com/repos/GitRudra7/Valorie/contents/{+path}",
    "compare_url": "https://api.github.com/repos/GitRudra7/Valorie/compare/{base}...{head}",
    "merges_url": "https://api.github.com/repos/GitRudra7/Valorie/merges",
    "archive_url": "https://api.github.com/repos/GitRudra7/Valorie/{archive_format}{/ref}",
    "downloads_url": "https://api.github.com/repos/GitRudra7/Valorie/downloads",
    "issues_url": "https://api.github.com/repos/GitRudra7/Valorie/issues{/number}",
    "pulls_url": "https://api.github.com/repos/GitRudra7/Valorie/pulls{/number}",
    "milestones_url": "https://api.github.com/repos/GitRudra7/Valorie/milestones{/number}",
    "notifications_url": "https://api.github.com/repos/GitRudra7/Valorie/notifications{?since,all,participating}",
    "labels_url": "https://api.github.com/repos/GitRudra7/Valorie/labels{/name}",
    "releases_url": "https://api.github.com/repos/GitRudra7/Valorie/releases{/id}",
    "deployments_url": "https://api.github.com/repos/GitRudra7/Valorie/deployments",
    "created_at": "2023-01-17T13:03:31Z",
    "updated_at": "2023-01-17T13:03:31Z",
    "pushed_at": "2023-01-17T13:03:32Z",
    "git_url": "git://github.com/GitRudra7/Valorie.git",
    "ssh_url": "git@github.com:GitRudra7/Valorie.git",
    "clone_url": "https://github.com/GitRudra7/Valorie.git",
    "svn_url": "https://github.com/GitRudra7/Valorie",
    "homepage": "https://github.com",
    "size": 0,
    "stargazers_count": 0,
    "watchers_count": 0,
    "language": null,
    "has_issues": false,
    "has_projects": true,
    "has_downloads": true,
    "has_wiki": false,
    "has_pages": false,
    "has_discussions": false,
    "forks_count": 0,
    "mirror_url": null,
    "archived": false,
    "disabled": false,
    "open_issues_count": 0,
    "license": null,
    "allow_forking": true,
    "is_template": true,
    "web_commit_signoff_required": false,
    "topics": [
        
    ],
    "visibility": "public",
    "forks": 0,
    "open_issues": 0,
    "watchers": 0,
    "default_branch": "main",
    "permissions": {
        "admin": true,
        "maintain": true,
        "push": true,
        "triage": true,
        "pull": true
    },
    "temp_clone_token": "",
    "allow_squash_merge": true,
    "allow_merge_commit": true,
    "allow_rebase_merge": true,
    "allow_auto_merge": false,
    "delete_branch_on_merge": false,
    "allow_update_branch": false,
    "use_squash_pr_title_as_default": false,
    "squash_merge_commit_message": "COMMIT_MESSAGES",
    "squash_merge_commit_title": "COMMIT_OR_PR_TITLE",
    "merge_commit_message": "PR_TITLE",
    "merge_commit_title": "MERGE_MESSAGE",
    "security_and_analysis": {
        "secret_scanning": {
            "status": "disabled"
        },
        "secret_scanning_push_protection": {
            "status": "disabled"
        }
    },
    "network_count": 0,
    "subscribers_count": 1
}
]]></system-out>
  </testcase>
  <testcase name="UpdateRepoAPITest" classname="gra.Tests.GraTestWithFaker" time="0.934">
    <system-out><![CDATA[HTTP/1.1 200 OK
Server: GitHub.com
Date: Tue, 17 Jan 2023 13:03:34 GMT
Content-Type: application/json; charset=utf-8
Transfer-Encoding: chunked
Cache-Control: private, max-age=60, s-maxage=60
Vary: Accept, Authorization, Cookie, X-GitHub-OTP
ETag: W/"96485e12cbd23e93f7080242fe7820c7439f1a4581e109619ee98f90b185136e"
X-OAuth-Scopes: repo
X-Accepted-OAuth-Scopes: 
X-GitHub-Media-Type: github.v3; format=json
x-github-api-version-selected: 2022-11-28
X-RateLimit-Limit: 5000
X-RateLimit-Remaining: 4997
X-RateLimit-Reset: 1673964212
X-RateLimit-Used: 3
X-RateLimit-Resource: core
Access-Control-Expose-Headers: ETag, Link, Location, Retry-After, X-GitHub-OTP, X-RateLimit-Limit, X-RateLimit-Remaining, X-RateLimit-Used, X-RateLimit-Resource, X-RateLimit-Reset, X-OAuth-Scopes, X-Accepted-OAuth-Scopes, X-Poll-Interval, X-GitHub-Media-Type, X-GitHub-SSO, X-GitHub-Request-Id, Deprecation, Sunset
Access-Control-Allow-Origin: *
Strict-Transport-Security: max-age=31536000; includeSubdomains; preload
X-Frame-Options: deny
X-Content-Type-Options: nosniff
X-XSS-Protection: 0
Referrer-Policy: origin-when-cross-origin, strict-origin-when-cross-origin
Content-Security-Policy: default-src 'none'
Vary: Accept-Encoding, Accept, X-Requested-With
Content-Encoding: gzip
X-GitHub-Request-Id: CC3D:6FA9:7B7C63:9B9868:63C69CA5

{
    "id": 590006717,
    "node_id": "R_kgDOIyrJvQ",
    "name": "Valorie",
    "full_name": "GitRudra7/Valorie",
    "private": false,
    "owner": {
        "login": "GitRudra7",
        "id": 116152202,
        "node_id": "U_kgDOBuxXig",
        "avatar_url": "https://avatars.githubusercontent.com/u/116152202?v=4",
        "gravatar_id": "",
        "url": "https://api.github.com/users/GitRudra7",
        "html_url": "https://github.com/GitRudra7",
        "followers_url": "https://api.github.com/users/GitRudra7/followers",
        "following_url": "https://api.github.com/users/GitRudra7/following{/other_user}",
        "gists_url": "https://api.github.com/users/GitRudra7/gists{/gist_id}",
        "starred_url": "https://api.github.com/users/GitRudra7/starred{/owner}{/repo}",
        "subscriptions_url": "https://api.github.com/users/GitRudra7/subscriptions",
        "organizations_url": "https://api.github.com/users/GitRudra7/orgs",
        "repos_url": "https://api.github.com/users/GitRudra7/repos",
        "events_url": "https://api.github.com/users/GitRudra7/events{/privacy}",
        "received_events_url": "https://api.github.com/users/GitRudra7/received_events",
        "type": "User",
        "site_admin": false
    },
    "html_url": "https://github.com/GitRudra7/Valorie",
    "description": "This is ur updated Repo",
    "fork": false,
    "url": "https://api.github.com/repos/GitRudra7/Valorie",
    "forks_url": "https://api.github.com/repos/GitRudra7/Valorie/forks",
    "keys_url": "https://api.github.com/repos/GitRudra7/Valorie/keys{/key_id}",
    "collaborators_url": "https://api.github.com/repos/GitRudra7/Valorie/collaborators{/collaborator}",
    "teams_url": "https://api.github.com/repos/GitRudra7/Valorie/teams",
    "hooks_url": "https://api.github.com/repos/GitRudra7/Valorie/hooks",
    "issue_events_url": "https://api.github.com/repos/GitRudra7/Valorie/issues/events{/number}",
    "events_url": "https://api.github.com/repos/GitRudra7/Valorie/events",
    "assignees_url": "https://api.github.com/repos/GitRudra7/Valorie/assignees{/user}",
    "branches_url": "https://api.github.com/repos/GitRudra7/Valorie/branches{/branch}",
    "tags_url": "https://api.github.com/repos/GitRudra7/Valorie/tags",
    "blobs_url": "https://api.github.com/repos/GitRudra7/Valorie/git/blobs{/sha}",
    "git_tags_url": "https://api.github.com/repos/GitRudra7/Valorie/git/tags{/sha}",
    "git_refs_url": "https://api.github.com/repos/GitRudra7/Valorie/git/refs{/sha}",
    "trees_url": "https://api.github.com/repos/GitRudra7/Valorie/git/trees{/sha}",
    "statuses_url": "https://api.github.com/repos/GitRudra7/Valorie/statuses/{sha}",
    "languages_url": "https://api.github.com/repos/GitRudra7/Valorie/languages",
    "stargazers_url": "https://api.github.com/repos/GitRudra7/Valorie/stargazers",
    "contributors_url": "https://api.github.com/repos/GitRudra7/Valorie/contributors",
    "subscribers_url": "https://api.github.com/repos/GitRudra7/Valorie/subscribers",
    "subscription_url": "https://api.github.com/repos/GitRudra7/Valorie/subscription",
    "commits_url": "https://api.github.com/repos/GitRudra7/Valorie/commits{/sha}",
    "git_commits_url": "https://api.github.com/repos/GitRudra7/Valorie/git/commits{/sha}",
    "comments_url": "https://api.github.com/repos/GitRudra7/Valorie/comments{/number}",
    "issue_comment_url": "https://api.github.com/repos/GitRudra7/Valorie/issues/comments{/number}",
    "contents_url": "https://api.github.com/repos/GitRudra7/Valorie/contents/{+path}",
    "compare_url": "https://api.github.com/repos/GitRudra7/Valorie/compare/{base}...{head}",
    "merges_url": "https://api.github.com/repos/GitRudra7/Valorie/merges",
    "archive_url": "https://api.github.com/repos/GitRudra7/Valorie/{archive_format}{/ref}",
    "downloads_url": "https://api.github.com/repos/GitRudra7/Valorie/downloads",
    "issues_url": "https://api.github.com/repos/GitRudra7/Valorie/issues{/number}",
    "pulls_url": "https://api.github.com/repos/GitRudra7/Valorie/pulls{/number}",
    "milestones_url": "https://api.github.com/repos/GitRudra7/Valorie/milestones{/number}",
    "notifications_url": "https://api.github.com/repos/GitRudra7/Valorie/notifications{?since,all,participating}",
    "labels_url": "https://api.github.com/repos/GitRudra7/Valorie/labels{/name}",
    "releases_url": "https://api.github.com/repos/GitRudra7/Valorie/releases{/id}",
    "deployments_url": "https://api.github.com/repos/GitRudra7/Valorie/deployments",
    "created_at": "2023-01-17T13:03:31Z",
    "updated_at": "2023-01-17T13:03:34Z",
    "pushed_at": "2023-01-17T13:03:32Z",
    "git_url": "git://github.com/GitRudra7/Valorie.git",
    "ssh_url": "git@github.com:GitRudra7/Valorie.git",
    "clone_url": "https://github.com/GitRudra7/Valorie.git",
    "svn_url": "https://github.com/GitRudra7/Valorie",
    "homepage": "https://github.com",
    "size": 0,
    "stargazers_count": 0,
    "watchers_count": 0,
    "language": null,
    "has_issues": false,
    "has_projects": false,
    "has_downloads": true,
    "has_wiki": false,
    "has_pages": false,
    "has_discussions": false,
    "forks_count": 0,
    "mirror_url": null,
    "archived": false,
    "disabled": false,
    "open_issues_count": 0,
    "license": null,
    "allow_forking": true,
    "is_template": false,
    "web_commit_signoff_required": false,
    "topics": [
        
    ],
    "visibility": "public",
    "forks": 0,
    "open_issues": 0,
    "watchers": 0,
    "default_branch": "main",
    "permissions": {
        "admin": true,
        "maintain": true,
        "push": true,
        "triage": true,
        "pull": true
    },
    "allow_squash_merge": true,
    "allow_merge_commit": true,
    "allow_rebase_merge": true,
    "allow_auto_merge": false,
    "delete_branch_on_merge": false,
    "allow_update_branch": false,
    "use_squash_pr_title_as_default": false,
    "squash_merge_commit_message": "COMMIT_MESSAGES",
    "squash_merge_commit_title": "COMMIT_OR_PR_TITLE",
    "merge_commit_message": "PR_TITLE",
    "merge_commit_title": "MERGE_MESSAGE",
    "security_and_analysis": {
        "secret_scanning": {
            "status": "disabled"
        },
        "secret_scanning_push_protection": {
            "status": "disabled"
        }
    },
    "network_count": 0,
    "subscribers_count": 1
}
]]></system-out>
  </testcase>
  <testcase name="DeleteRepoNoAdminAPITest" classname="gra.Tests.GraTestWithFaker" time="0.454">
    <system-out><![CDATA[{
    "message": "Must have admin rights to Repository.",
    "documentation_url": "https://docs.github.com/rest/reference/repos#delete-a-repository"
}
]]></system-out>
  </testcase>
  <testcase name="DeleteRepoWithAdminAPITest" classname="gra.Tests.GraTestWithFaker" time="0.739">
    <system-out><![CDATA[
]]></system-out>
  </testcase>
  <testcase name="GetRepoAPITestAfterDelete" classname="gra.Tests.GraTestWithFaker" time="0.476">
    <system-out><![CDATA[{
    "message": "Not Found",
    "documentation_url": "https://docs.github.com/rest/reference/repos#get-a-repository"
}
]]></system-out>
  </testcase>
</testsuite>