<?xml version="1.0" encoding="UTF-8"?>
<testng-results ignored="0" total="6" passed="6" failed="0" skipped="0">
  <reporter-output>
  </reporter-output>
  <suite started-at="2023-01-17T18:33:23 IST" name="Suite" finished-at="2023-01-17T18:33:38 IST" duration-ms="14206">
    <groups>
    </groups>
    <test started-at="2023-01-17T18:33:23 IST" name="GItHubRestAPITestOnRepoOperations" finished-at="2023-01-17T18:33:38 IST" duration-ms="14206">
      <class name="gra.Tests.GraTestWithFaker">
        <test-method is-config="true" signature="TestSetup()[pri:0, instance:gra.Tests.GraTestWithFaker@5824a83d]" started-at="2023-01-17T18:33:24 IST" name="TestSetup" finished-at="2023-01-17T18:33:25 IST" duration-ms="532" status="PASS">
          <reporter-output>
          </reporter-output>
        </test-method> <!-- TestSetup -->
        <test-method signature="CreateRepoAPITest()[pri:1, instance:gra.Tests.GraTestWithFaker@5824a83d]" started-at="2023-01-17T18:33:25 IST" name="CreateRepoAPITest" finished-at="2023-01-17T18:33:34 IST" duration-ms="9636" status="PASS">
          <reporter-output>
          </reporter-output>
        </test-method> <!-- CreateRepoAPITest -->
        <test-method signature="GetRepoAPITest()[pri:2, instance:gra.Tests.GraTestWithFaker@5824a83d]" started-at="2023-01-17T18:33:34 IST" name="GetRepoAPITest" finished-at="2023-01-17T18:33:35 IST" duration-ms="624" status="PASS">
          <reporter-output>
          </reporter-output>
        </test-method> <!-- GetRepoAPITest -->
        <test-method signature="UpdateRepoAPITest()[pri:3, instance:gra.Tests.GraTestWithFaker@5824a83d]" started-at="2023-01-17T18:33:35 IST" name="UpdateRepoAPITest" finished-at="2023-01-17T18:33:36 IST" duration-ms="929" status="PASS">
          <reporter-output>
          </reporter-output>
        </test-method> <!-- UpdateRepoAPITest -->
        <test-method signature="DeleteRepoNoAdminAPITest()[pri:4, instance:gra.Tests.GraTestWithFaker@5824a83d]" started-at="2023-01-17T18:33:36 IST" name="DeleteRepoNoAdminAPITest" finished-at="2023-01-17T18:33:36 IST" duration-ms="462" status="PASS">
          <reporter-output>
          </reporter-output>
        </test-method> <!-- DeleteRepoNoAdminAPITest -->
        <test-method signature="DeleteRepoWithAdminAPITest()[pri:5, instance:gra.Tests.GraTestWithFaker@5824a83d]" started-at="2023-01-17T18:33:36 IST" name="DeleteRepoWithAdminAPITest" finished-at="2023-01-17T18:33:37 IST" duration-ms="744" status="PASS">
          <reporter-output>
          </reporter-output>
        </test-method> <!-- DeleteRepoWithAdminAPITest -->
        <test-method signature="GetRepoAPITestAfterDelete()[pri:6, instance:gra.Tests.GraTestWithFaker@5824a83d]" started-at="2023-01-17T18:33:37 IST" name="GetRepoAPITestAfterDelete" finished-at="2023-01-17T18:33:38 IST" depends-on-methods="gra.Tests.GraTestWithFaker.DeleteRepoWithAdminAPITest" duration-ms="468" status="PASS">
          <reporter-output>
          </reporter-output>
        </test-method> <!-- GetRepoAPITestAfterDelete -->
      </class> <!-- gra.Tests.GraTestWithFaker -->
    </test> <!-- GItHubRestAPITestOnRepoOperations -->
  </suite> <!-- Suite -->
</testng-results>
