<?xml version="1.0" encoding="UTF-8"?>
<testng-results ignored="0" total="6" passed="6" failed="0" skipped="0">
  <reporter-output>
  </reporter-output>
  <suite started-at="2023-01-17T16:25:05 IST" name="Suite" finished-at="2023-01-17T16:25:25 IST" duration-ms="19354">
    <groups>
    </groups>
    <test started-at="2023-01-17T16:25:05 IST" name="GItHubRestAPITestOnRepoOperations" finished-at="2023-01-17T16:25:25 IST" duration-ms="19354">
      <class name="gra.Tests.GraTestWithFaker">
        <test-method is-config="true" signature="TestSetup()[pri:0, instance:gra.Tests.GraTestWithFaker@5824a83d]" started-at="2023-01-17T16:25:06 IST" name="TestSetup" finished-at="2023-01-17T16:25:07 IST" duration-ms="539" status="PASS">
          <reporter-output>
          </reporter-output>
        </test-method> <!-- TestSetup -->
        <test-method signature="CreateRepoAPITest()[pri:1, instance:gra.Tests.GraTestWithFaker@5824a83d]" started-at="2023-01-17T16:25:07 IST" name="CreateRepoAPITest" finished-at="2023-01-17T16:25:20 IST" duration-ms="13664" status="PASS">
          <reporter-output>
          </reporter-output>
        </test-method> <!-- CreateRepoAPITest -->
        <test-method signature="GetRepoAPITest()[pri:2, instance:gra.Tests.GraTestWithFaker@5824a83d]" started-at="2023-01-17T16:25:20 IST" name="GetRepoAPITest" finished-at="2023-01-17T16:25:21 IST" duration-ms="700" status="PASS">
          <reporter-output>
          </reporter-output>
        </test-method> <!-- GetRepoAPITest -->
        <test-method signature="UpdateRepoAPITest()[pri:3, instance:gra.Tests.GraTestWithFaker@5824a83d]" started-at="2023-01-17T16:25:21 IST" name="UpdateRepoAPITest" finished-at="2023-01-17T16:25:22 IST" duration-ms="1068" status="PASS">
          <reporter-output>
          </reporter-output>
        </test-method> <!-- UpdateRepoAPITest -->
        <test-method signature="DeleteRepoNoAdminAPITest()[pri:4, instance:gra.Tests.GraTestWithFaker@5824a83d]" started-at="2023-01-17T16:25:22 IST" name="DeleteRepoNoAdminAPITest" finished-at="2023-01-17T16:25:23 IST" duration-ms="766" status="PASS">
          <reporter-output>
          </reporter-output>
        </test-method> <!-- DeleteRepoNoAdminAPITest -->
        <test-method signature="DeleteRepoWithAdminAPITest()[pri:5, instance:gra.Tests.GraTestWithFaker@5824a83d]" started-at="2023-01-17T16:25:23 IST" name="DeleteRepoWithAdminAPITest" finished-at="2023-01-17T16:25:24 IST" duration-ms="1024" status="PASS">
          <reporter-output>
          </reporter-output>
        </test-method> <!-- DeleteRepoWithAdminAPITest -->
        <test-method signature="GetRepoAPITestAfterDelete()[pri:6, instance:gra.Tests.GraTestWithFaker@5824a83d]" started-at="2023-01-17T16:25:24 IST" name="GetRepoAPITestAfterDelete" finished-at="2023-01-17T16:25:25 IST" depends-on-methods="gra.Tests.GraTestWithFaker.DeleteRepoWithAdminAPITest" duration-ms="497" status="PASS">
          <reporter-output>
          </reporter-output>
        </test-method> <!-- GetRepoAPITestAfterDelete -->
      </class> <!-- gra.Tests.GraTestWithFaker -->
    </test> <!-- GItHubRestAPITestOnRepoOperations -->
  </suite> <!-- Suite -->
</testng-results>
